TpTrace Verbose: 0 : 30572, 1, 2024/02/04, 21:37:25.859, 888744773499, datacollector.dll, Version: 17.8.0-release-23578-02
TpTrace Information: 0 : 30572, 1, 2024/02/04, 21:37:25.862, 888744804284, datacollector.dll, DataCollectorMain.Run: Starting data collector run with args: --port,37547,--parentprocessid,23104,--diag,D:\python codes\TestMark\bin\Debug\net8.0\fine-code-coverage\coverage-tool-output\diagnostics.datacollector.24-02-04_21-37-25_73564_5.log,--tracelevel,4
TpTrace Information: 0 : 30572, 1, 2024/02/04, 21:37:25.862, 888744805271, datacollector.dll, DataCollector: Monitoring parent process with id: '23104'
TpTrace Information: 0 : 30572, 1, 2024/02/04, 21:37:25.867, 888744852817, datacollector.dll, Trying to connect to server on socket : 127.0.0.1:37547 
TpTrace Verbose: 0 : 30572, 1, 2024/02/04, 21:37:25.872, 888744897946, datacollector.dll, SocketCommunicationManager : SetupClientAsync : Attempting to connect to the server.
TpTrace Information: 0 : 30572, 6, 2024/02/04, 21:37:25.877, 888744948032, datacollector.dll, Connected to the server successfully 
TpTrace Information: 0 : 30572, 6, 2024/02/04, 21:37:25.877, 888744948927, datacollector.dll, Using the buffer size of 16384 bytes
TpTrace Information: 0 : 30572, 1, 2024/02/04, 21:37:25.906, 888745239605, datacollector.dll, DataCollector: Start Request Processing.
TpTrace Verbose: 0 : 30572, 1, 2024/02/04, 21:37:25.906, 888745241173, datacollector.dll, SocketCommunicationManager.WaitForServerConnection took: 0 ms, with 90000 ms timeout, and finished with True.
TpTrace Information: 0 : 30572, 1, 2024/02/04, 21:37:25.906, 888745242600, datacollector.dll, DataCollectionRequestHandler.ProcessRequests: Datacollector received message: (DataCollection.BeforeTestRunStart) -> {"MessageType":"DataCollection.BeforeTestRunStart","Payload":{"SettingsXml":"<RunSettings><RunConfiguration><ResultsDirectory>D:\\python codes\\TestMark\\bin\\Debug\\net8.0\\fine-code-coverage\\coverage-tool-output</ResultsDirectory><TargetPlatform>X64</TargetPlatform><TargetFrameworkVersion>.NETCoreApp,Version=v8.0</TargetFrameworkVersion><DesignMode>False</DesignMode><CollectSourceInformation>False</CollectSourceInformation><TestAdaptersPaths>C:\\Program Files\\dotnet\\sdk\\8.0.101\\Extensions</TestAdaptersPaths></RunConfiguration><LoggerRunSettings><Loggers><Logger friendlyName=\"blame\" enabled=\"True\" /><Logger friendlyName=\"Console\" uri=\"logger://microsoft/TestPlatform/ConsoleLogger/v1\" assemblyQualifiedName=\"Microsoft.VisualStudio.TestPlatform.CommandLine.Internal.ConsoleLogger, vstest.console, Version=15.0.0.0, Culture=neutral, PublicKeyToken=b03f5f7f11d50a3a\" codeBase=\"C:\\Program Files\\dotnet\\sdk\\8.0.101\\vstest.console.dll\" enabled=\"True\" /></Loggers></LoggerRunSettings><DataCollectionRunSettings><DataCollectors><DataCollector friendlyName=\"blame\" enabled=\"True\"><Configuration><ResultsDirectory>D:\\python codes\\TestMark\\bin\\Debug\\net8.0\\fine-code-coverage\\coverage-tool-output</ResultsDirectory></Configuration></DataCollector></DataCollectors></DataCollectionRunSettings></RunSettings>","Sources":["D:\\python codes\\TestMark\\bin\\Debug\\net8.0\\fine-code-coverage\\build-output\\TestMark.dll"],"IsTelemetryOptedIn":false}}
TpTrace Verbose: 0 : 30572, 1, 2024/02/04, 21:37:25.928, 888745459675, datacollector.dll, TestPluginCache: Update extensions started. Skip filter = False
TpTrace Verbose: 0 : 30572, 1, 2024/02/04, 21:37:25.928, 888745464108, datacollector.dll, TestPluginCache: Using directories for assembly resolution 'C:\Program Files\dotnet\sdk\8.0.101\Extensions'.
TpTrace Verbose: 0 : 30572, 1, 2024/02/04, 21:37:25.928, 888745464523, datacollector.dll, TestPluginCache: Updated the available extensions to 'C:\Program Files\dotnet\sdk\8.0.101\Extensions\Microsoft.TestPlatform.Extensions.BlameDataCollector.dll,C:\Program Files\dotnet\sdk\8.0.101\Extensions\Microsoft.TestPlatform.Extensions.EventLogCollector.dll'.
TpTrace Verbose: 0 : 30572, 1, 2024/02/04, 21:37:25.931, 888745492572, datacollector.dll, TestPluginCache.DiscoverTestExtensions: finding test extensions in assemblies ends with: Collector.dll TPluginInfo: Microsoft.VisualStudio.TestPlatform.Common.DataCollector.DataCollectorConfig TExtension: Microsoft.VisualStudio.TestPlatform.ObjectModel.DataCollection.DataCollector
TpTrace Verbose: 0 : 30572, 1, 2024/02/04, 21:37:25.932, 888745500434, datacollector.dll, TestPluginCache.GetExtensionPaths: Filtered extension paths: C:\Program Files\dotnet\sdk\8.0.101\Extensions\Microsoft.TestPlatform.Extensions.BlameDataCollector.dll
C:\Program Files\dotnet\sdk\8.0.101\Extensions\Microsoft.TestPlatform.Extensions.EventLogCollector.dll
TpTrace Verbose: 0 : 30572, 1, 2024/02/04, 21:37:25.932, 888745500923, datacollector.dll, TestPluginCache.GetExtensionPaths: Added default extension paths: 
TpTrace Verbose: 0 : 30572, 1, 2024/02/04, 21:37:25.932, 888745501107, datacollector.dll, TestPluginCache.GetExtensionPaths: Added unfilterableExtensionPaths: 
TpTrace Information: 0 : 30572, 1, 2024/02/04, 21:37:25.932, 888745504314, datacollector.dll, AssemblyResolver.ctor: Creating AssemblyResolver with searchDirectories C:\Program Files\dotnet\sdk\8.0.101\Extensions,C:\Program Files\dotnet\sdk\8.0.101
TpTrace Verbose: 0 : 30572, 1, 2024/02/04, 21:37:25.933, 888745511268, datacollector.dll, TestPluginCache.DiscoverTestExtensions: Discovering the extensions using extension path.
TpTrace Verbose: 0 : 30572, 1, 2024/02/04, 21:37:25.933, 888745512377, datacollector.dll, TestPluginCache.GetExtensionPaths: Filtered extension paths: C:\Program Files\dotnet\sdk\8.0.101\Extensions\Microsoft.TestPlatform.Extensions.BlameDataCollector.dll
C:\Program Files\dotnet\sdk\8.0.101\Extensions\Microsoft.TestPlatform.Extensions.EventLogCollector.dll
TpTrace Verbose: 0 : 30572, 1, 2024/02/04, 21:37:25.933, 888745512627, datacollector.dll, TestPluginCache.GetExtensionPaths: Added default extension paths: 
TpTrace Verbose: 0 : 30572, 1, 2024/02/04, 21:37:25.933, 888745512778, datacollector.dll, TestPluginCache.GetExtensionPaths: Added unfilterableExtensionPaths: 
TpTrace Verbose: 0 : 30572, 1, 2024/02/04, 21:37:25.933, 888745513006, datacollector.dll, TestPluginCache.DiscoverTestExtensions: Discovering the extensions using allExtensionPaths: C:\Program Files\dotnet\sdk\8.0.101\Extensions\Microsoft.TestPlatform.Extensions.BlameDataCollector.dll
C:\Program Files\dotnet\sdk\8.0.101\Extensions\Microsoft.TestPlatform.Extensions.EventLogCollector.dll
TpTrace Information: 0 : 30572, 1, 2024/02/04, 21:37:25.933, 888745513571, datacollector.dll, AssemblyResolver.AddSearchDirectories: Adding more searchDirectories C:\Program Files\dotnet\sdk\8.0.101\Extensions,C:\Program Files\dotnet\sdk\8.0.101
TpTrace Information: 0 : 30572, 1, 2024/02/04, 21:37:25.933, 888745513775, datacollector.dll, AssemblyResolver.AddSearchDirectories: Adding more searchDirectories C:\Program Files\dotnet\sdk\8.0.101\Extensions,C:\Program Files\dotnet\sdk\8.0.101
TpTrace Information: 0 : 30572, 1, 2024/02/04, 21:37:25.933, 888745516294, datacollector.dll, AssemblyResolver.OnResolve: Microsoft.TestPlatform.Extensions.BlameDataCollector: Resolving assembly.
TpTrace Information: 0 : 30572, 1, 2024/02/04, 21:37:25.933, 888745516758, datacollector.dll, AssemblyResolver.OnResolve: Microsoft.TestPlatform.Extensions.BlameDataCollector: Searching in: 'C:\Program Files\dotnet\sdk\8.0.101\Extensions'.
TpTrace Information: 0 : 30572, 1, 2024/02/04, 21:37:25.938, 888745563302, datacollector.dll, AssemblyResolver.OnResolve: Microsoft.TestPlatform.Extensions.BlameDataCollector: Loading assembly 'C:\Program Files\dotnet\sdk\8.0.101\Extensions\Microsoft.TestPlatform.Extensions.BlameDataCollector.dll'.
TpTrace Information: 0 : 30572, 1, 2024/02/04, 21:37:25.939, 888745568858, datacollector.dll, AssemblyResolver.OnResolve: Resolved assembly: Microsoft.TestPlatform.Extensions.BlameDataCollector, from path: C:\Program Files\dotnet\sdk\8.0.101\Extensions\Microsoft.TestPlatform.Extensions.BlameDataCollector.dll
TpTrace Verbose: 0 : 30572, 1, 2024/02/04, 21:37:25.942, 888745598366, datacollector.dll, MetadataReaderExtensionsHelper: Discovering extensions inside assembly 'Microsoft.TestPlatform.Extensions.BlameDataCollector, Version=15.0.0.0, Culture=neutral, PublicKeyToken=b03f5f7f11d50a3a' file path 'C:\Program Files\dotnet\sdk\8.0.101\Extensions\Microsoft.TestPlatform.Extensions.BlameDataCollector.dll'
TpTrace Error: 0 : 30572, 1, 2024/02/04, 21:37:25.943, 888745613782, datacollector.dll, The type "Microsoft.TestPlatform.Extensions.BlameDataCollector.BlameCollector" defined in "Microsoft.TestPlatform.Extensions.BlameDataCollector.dll" does not have ExtensionUri attribute.
TpTrace Information: 0 : 30572, 1, 2024/02/04, 21:37:25.945, 888745632578, datacollector.dll, GetTestExtensionFromType: Register extension with identifier data 'datacollector://microsoft/TestPlatform/Extensions/Blame/v1' and type 'Microsoft.TestPlatform.Extensions.BlameDataCollector.BlameCollector, Microsoft.TestPlatform.Extensions.BlameDataCollector, Version=15.0.0.0, Culture=neutral, PublicKeyToken=b03f5f7f11d50a3a' inside file 'C:\Program Files\dotnet\sdk\8.0.101\Extensions\Microsoft.TestPlatform.Extensions.BlameDataCollector.dll'
TpTrace Information: 0 : 30572, 1, 2024/02/04, 21:37:25.945, 888745633463, datacollector.dll, AssemblyResolver.OnResolve: Microsoft.TestPlatform.Extensions.EventLogCollector: Resolving assembly.
TpTrace Information: 0 : 30572, 1, 2024/02/04, 21:37:25.945, 888745633754, datacollector.dll, AssemblyResolver.OnResolve: Microsoft.TestPlatform.Extensions.EventLogCollector: Searching in: 'C:\Program Files\dotnet\sdk\8.0.101\Extensions'.
TpTrace Information: 0 : 30572, 1, 2024/02/04, 21:37:25.945, 888745636056, datacollector.dll, AssemblyResolver.OnResolve: Microsoft.TestPlatform.Extensions.EventLogCollector: Loading assembly 'C:\Program Files\dotnet\sdk\8.0.101\Extensions\Microsoft.TestPlatform.Extensions.EventLogCollector.dll'.
TpTrace Information: 0 : 30572, 1, 2024/02/04, 21:37:25.946, 888745638742, datacollector.dll, AssemblyResolver.OnResolve: Resolved assembly: Microsoft.TestPlatform.Extensions.EventLogCollector, from path: C:\Program Files\dotnet\sdk\8.0.101\Extensions\Microsoft.TestPlatform.Extensions.EventLogCollector.dll
TpTrace Verbose: 0 : 30572, 1, 2024/02/04, 21:37:25.946, 888745639172, datacollector.dll, MetadataReaderExtensionsHelper: Discovering extensions inside assembly 'Microsoft.TestPlatform.Extensions.EventLogCollector, Version=15.0.0.0, Culture=neutral, PublicKeyToken=b03f5f7f11d50a3a' file path 'C:\Program Files\dotnet\sdk\8.0.101\Extensions\Microsoft.TestPlatform.Extensions.EventLogCollector.dll'
TpTrace Error: 0 : 30572, 1, 2024/02/04, 21:37:25.947, 888745650820, datacollector.dll, The type "Microsoft.TestPlatform.Extensions.EventLogCollector.EventLogDataCollector" defined in "Microsoft.TestPlatform.Extensions.EventLogCollector.dll" does not have ExtensionUri attribute.
TpTrace Information: 0 : 30572, 1, 2024/02/04, 21:37:25.947, 888745652673, datacollector.dll, GetTestExtensionFromType: Register extension with identifier data 'datacollector://microsoft/EventLog/2.0' and type 'Microsoft.TestPlatform.Extensions.EventLogCollector.EventLogDataCollector, Microsoft.TestPlatform.Extensions.EventLogCollector, Version=15.0.0.0, Culture=neutral, PublicKeyToken=b03f5f7f11d50a3a' inside file 'C:\Program Files\dotnet\sdk\8.0.101\Extensions\Microsoft.TestPlatform.Extensions.EventLogCollector.dll'
TpTrace Verbose: 0 : 30572, 1, 2024/02/04, 21:37:25.947, 888745653962, datacollector.dll, TestPluginCache: Discovered the extensions using extension path 'C:\Program Files\dotnet\sdk\8.0.101\Extensions\Microsoft.TestPlatform.Extensions.BlameDataCollector.dll,C:\Program Files\dotnet\sdk\8.0.101\Extensions\Microsoft.TestPlatform.Extensions.EventLogCollector.dll'.
TpTrace Verbose: 0 : 30572, 1, 2024/02/04, 21:37:25.947, 888745654197, datacollector.dll, TestPluginCache: Discoverers are ''.
TpTrace Verbose: 0 : 30572, 1, 2024/02/04, 21:37:25.947, 888745654307, datacollector.dll, TestPluginCache: Executors are ''.
TpTrace Verbose: 0 : 30572, 1, 2024/02/04, 21:37:25.947, 888745654404, datacollector.dll, TestPluginCache: Executors2 are ''.
TpTrace Verbose: 0 : 30572, 1, 2024/02/04, 21:37:25.947, 888745654538, datacollector.dll, TestPluginCache: Setting providers are ''.
TpTrace Verbose: 0 : 30572, 1, 2024/02/04, 21:37:25.947, 888745655045, datacollector.dll, TestPluginCache: Loggers are ''.
TpTrace Verbose: 0 : 30572, 1, 2024/02/04, 21:37:25.947, 888745655165, datacollector.dll, TestPluginCache: TestHosts are ''.
TpTrace Verbose: 0 : 30572, 1, 2024/02/04, 21:37:25.947, 888745655599, datacollector.dll, TestPluginCache: DataCollectors are 'datacollector://microsoft/TestPlatform/Extensions/Blame/v1,datacollector://microsoft/EventLog/2.0'.
TpTrace Information: 0 : 30572, 1, 2024/02/04, 21:37:25.948, 888745664291, datacollector.dll, TestPluginManager.CreateTestExtension: Attempting to load test extension: Microsoft.TestPlatform.Extensions.BlameDataCollector.BlameCollector
TpTrace Information: 0 : 30572, 1, 2024/02/04, 21:37:25.950, 888745684782, datacollector.dll, [MonitorPostmortemDump]Monitor enabled: 'False'
TpTrace Verbose: 0 : 30572, 1, 2024/02/04, 21:37:25.951, 888745689869, datacollector.dll, MulticastDelegateUtilities.SafeInvoke: DataCollectionEvents.SessionStart: Invoking callbacks was skipped because there are no subscribers.
TpTrace Information: 0 : 30572, 1, 2024/02/04, 21:37:25.951, 888745693518, datacollector.dll, Listening on Endpoint : 127.0.0.1:37549
TpTrace Information: 0 : 30572, 1, 2024/02/04, 21:37:25.955, 888745731864, datacollector.dll, DataCollectionRequestHandler.ProcessRequests : DataCollection started.
TpTrace Information: 0 : 30572, 1, 2024/02/04, 21:37:25.972, 888745899585, datacollector.dll, DataCollectionRequestHandler.ProcessRequests: Datacollector received message: (DataCollection.TestHostLaunched) -> {"MessageType":"DataCollection.TestHostLaunched","Payload":{"ProcessId":17780}}
TpTrace Verbose: 0 : 30572, 1, 2024/02/04, 21:37:25.973, 888745912315, datacollector.dll, MulticastDelegateUtilities.SafeInvoke: DataCollectionEvents.TestHostLaunched: Invoking callback 1/1 for Microsoft.TestPlatform.Extensions.BlameDataCollector.BlameCollector., took 0 ms.
TpTrace Information: 0 : 30572, 8, 2024/02/04, 21:37:26.114, 888747324845, datacollector.dll, Using the buffer size of 16384 bytes
TpTrace Verbose: 0 : 30572, 6, 2024/02/04, 21:37:26.114, 888747324989, datacollector.dll, SocketCommunicationManager.WaitForClientConnection took: 160 ms, with 90000 ms timeout, and finished with True.
TpTrace Information: 0 : 30572, 8, 2024/02/04, 21:37:26.114, 888747325927, datacollector.dll, Accepted Client request and set the flag
TpTrace Information: 0 : 30572, 6, 2024/02/04, 21:37:26.368, 888749860013, datacollector.dll, DataCollectionTestCaseEventHandler: Test case starting.
TpTrace Information: 0 : 30572, 6, 2024/02/04, 21:37:26.399, 888750172817, datacollector.dll, BlameCollector.EventsTestCaseStart: Test Case Start
TpTrace Verbose: 0 : 30572, 6, 2024/02/04, 21:37:26.399, 888750175078, datacollector.dll, MulticastDelegateUtilities.SafeInvoke: DataCollectionEvents.TestCaseStart: Invoking callback 1/1 for Microsoft.TestPlatform.Extensions.BlameDataCollector.BlameCollector., took 0 ms.
TpTrace Information: 0 : 30572, 6, 2024/02/04, 21:37:26.400, 888750177887, datacollector.dll, DataCollectionTestCaseEventHandler: Test case 'TestMethod1_1 - 680c2f5d-4a11-cbb7-3cdc-9fa8d189348c' started.
TpTrace Information: 0 : 30572, 6, 2024/02/04, 21:37:26.472, 888750898496, datacollector.dll, DataCollectionTestCaseEventHandler: Test case completing.
TpTrace Information: 0 : 30572, 6, 2024/02/04, 21:37:26.476, 888750943829, datacollector.dll, BlameCollector.EventsTestCaseEnd: Test Case End
TpTrace Verbose: 0 : 30572, 6, 2024/02/04, 21:37:26.477, 888750950132, datacollector.dll, MulticastDelegateUtilities.SafeInvoke: DataCollectionEvents.TestCaseEnd: Invoking callback 1/1 for Microsoft.TestPlatform.Extensions.BlameDataCollector.BlameCollector., took 0 ms.
TpTrace Information: 0 : 30572, 6, 2024/02/04, 21:37:26.479, 888750970571, datacollector.dll, DataCollectionTestCaseEventHandler: Test case 'TestMethod1_1 - 680c2f5d-4a11-cbb7-3cdc-9fa8d189348c' completed
TpTrace Information: 0 : 30572, 6, 2024/02/04, 21:37:26.485, 888751035927, datacollector.dll, DataCollectionTestCaseEventHandler: Test case starting.
TpTrace Information: 0 : 30572, 6, 2024/02/04, 21:37:26.488, 888751060529, datacollector.dll, BlameCollector.EventsTestCaseStart: Test Case Start
TpTrace Verbose: 0 : 30572, 6, 2024/02/04, 21:37:26.488, 888751062272, datacollector.dll, MulticastDelegateUtilities.SafeInvoke: DataCollectionEvents.TestCaseStart: Invoking callback 1/1 for Microsoft.TestPlatform.Extensions.BlameDataCollector.BlameCollector., took 0 ms.
TpTrace Information: 0 : 30572, 6, 2024/02/04, 21:37:26.488, 888751063923, datacollector.dll, DataCollectionTestCaseEventHandler: Test case 'TestMethod1_2 - d1602297-35ad-3470-4746-f36d19b5cb74' started.
TpTrace Information: 0 : 30572, 6, 2024/02/04, 21:37:26.491, 888751088137, datacollector.dll, DataCollectionTestCaseEventHandler: Test case completing.
TpTrace Information: 0 : 30572, 6, 2024/02/04, 21:37:26.493, 888751107925, datacollector.dll, BlameCollector.EventsTestCaseEnd: Test Case End
TpTrace Verbose: 0 : 30572, 6, 2024/02/04, 21:37:26.493, 888751109030, datacollector.dll, MulticastDelegateUtilities.SafeInvoke: DataCollectionEvents.TestCaseEnd: Invoking callback 1/1 for Microsoft.TestPlatform.Extensions.BlameDataCollector.BlameCollector., took 0 ms.
TpTrace Information: 0 : 30572, 6, 2024/02/04, 21:37:26.493, 888751110881, datacollector.dll, DataCollectionTestCaseEventHandler: Test case 'TestMethod1_2 - d1602297-35ad-3470-4746-f36d19b5cb74' completed
TpTrace Information: 0 : 30572, 6, 2024/02/04, 21:37:26.494, 888751121915, datacollector.dll, DataCollectionTestCaseEventHandler: Test case starting.
TpTrace Information: 0 : 30572, 6, 2024/02/04, 21:37:26.495, 888751129501, datacollector.dll, BlameCollector.EventsTestCaseStart: Test Case Start
TpTrace Verbose: 0 : 30572, 6, 2024/02/04, 21:37:26.495, 888751130077, datacollector.dll, MulticastDelegateUtilities.SafeInvoke: DataCollectionEvents.TestCaseStart: Invoking callback 1/1 for Microsoft.TestPlatform.Extensions.BlameDataCollector.BlameCollector., took 0 ms.
TpTrace Information: 0 : 30572, 6, 2024/02/04, 21:37:26.495, 888751130928, datacollector.dll, DataCollectionTestCaseEventHandler: Test case 'TestMethod1_3 - badd0ab8-0582-2a42-f2b7-51948b85447f' started.
TpTrace Information: 0 : 30572, 6, 2024/02/04, 21:37:26.496, 888751142257, datacollector.dll, DataCollectionTestCaseEventHandler: Test case completing.
TpTrace Information: 0 : 30572, 6, 2024/02/04, 21:37:26.497, 888751150157, datacollector.dll, BlameCollector.EventsTestCaseEnd: Test Case End
TpTrace Verbose: 0 : 30572, 6, 2024/02/04, 21:37:26.497, 888751150618, datacollector.dll, MulticastDelegateUtilities.SafeInvoke: DataCollectionEvents.TestCaseEnd: Invoking callback 1/1 for Microsoft.TestPlatform.Extensions.BlameDataCollector.BlameCollector., took 0 ms.
TpTrace Information: 0 : 30572, 6, 2024/02/04, 21:37:26.498, 888751157979, datacollector.dll, DataCollectionTestCaseEventHandler: Test case 'TestMethod1_3 - badd0ab8-0582-2a42-f2b7-51948b85447f' completed
TpTrace Information: 0 : 30572, 6, 2024/02/04, 21:37:26.499, 888751167305, datacollector.dll, DataCollectionTestCaseEventHandler: Test case starting.
TpTrace Information: 0 : 30572, 6, 2024/02/04, 21:37:26.500, 888751179245, datacollector.dll, BlameCollector.EventsTestCaseStart: Test Case Start
TpTrace Verbose: 0 : 30572, 6, 2024/02/04, 21:37:26.500, 888751180059, datacollector.dll, MulticastDelegateUtilities.SafeInvoke: DataCollectionEvents.TestCaseStart: Invoking callback 1/1 for Microsoft.TestPlatform.Extensions.BlameDataCollector.BlameCollector., took 0 ms.
TpTrace Information: 0 : 30572, 6, 2024/02/04, 21:37:26.500, 888751181195, datacollector.dll, DataCollectionTestCaseEventHandler: Test case 'TestMethod2 - 41702a7c-6517-e66c-9419-774f3a0d9ec0' started.
TpTrace Information: 0 : 30572, 6, 2024/02/04, 21:37:26.502, 888751198971, datacollector.dll, DataCollectionTestCaseEventHandler: Test case completing.
TpTrace Information: 0 : 30572, 6, 2024/02/04, 21:37:26.503, 888751209179, datacollector.dll, BlameCollector.EventsTestCaseEnd: Test Case End
TpTrace Verbose: 0 : 30572, 6, 2024/02/04, 21:37:26.503, 888751210003, datacollector.dll, MulticastDelegateUtilities.SafeInvoke: DataCollectionEvents.TestCaseEnd: Invoking callback 1/1 for Microsoft.TestPlatform.Extensions.BlameDataCollector.BlameCollector., took 0 ms.
TpTrace Information: 0 : 30572, 6, 2024/02/04, 21:37:26.503, 888751211667, datacollector.dll, DataCollectionTestCaseEventHandler: Test case 'TestMethod2 - 41702a7c-6517-e66c-9419-774f3a0d9ec0' completed
TpTrace Information: 0 : 30572, 6, 2024/02/04, 21:37:26.504, 888751220177, datacollector.dll, DataCollectionTestCaseEventHandler: Test case starting.
TpTrace Information: 0 : 30572, 6, 2024/02/04, 21:37:26.505, 888751236384, datacollector.dll, BlameCollector.EventsTestCaseStart: Test Case Start
TpTrace Verbose: 0 : 30572, 6, 2024/02/04, 21:37:26.506, 888751237547, datacollector.dll, MulticastDelegateUtilities.SafeInvoke: DataCollectionEvents.TestCaseStart: Invoking callback 1/1 for Microsoft.TestPlatform.Extensions.BlameDataCollector.BlameCollector., took 0 ms.
TpTrace Information: 0 : 30572, 6, 2024/02/04, 21:37:26.506, 888751238510, datacollector.dll, DataCollectionTestCaseEventHandler: Test case 'TestMethod3 - a9130ab8-7c6b-737b-3d1c-b51deb5c4409' started.
TpTrace Information: 0 : 30572, 6, 2024/02/04, 21:37:26.507, 888751253301, datacollector.dll, DataCollectionTestCaseEventHandler: Test case completing.
TpTrace Information: 0 : 30572, 6, 2024/02/04, 21:37:26.508, 888751265039, datacollector.dll, BlameCollector.EventsTestCaseEnd: Test Case End
TpTrace Verbose: 0 : 30572, 6, 2024/02/04, 21:37:26.508, 888751265553, datacollector.dll, MulticastDelegateUtilities.SafeInvoke: DataCollectionEvents.TestCaseEnd: Invoking callback 1/1 for Microsoft.TestPlatform.Extensions.BlameDataCollector.BlameCollector., took 0 ms.
TpTrace Information: 0 : 30572, 6, 2024/02/04, 21:37:26.508, 888751266947, datacollector.dll, DataCollectionTestCaseEventHandler: Test case 'TestMethod3 - a9130ab8-7c6b-737b-3d1c-b51deb5c4409' completed
TpTrace Information: 0 : 30572, 6, 2024/02/04, 21:37:26.509, 888751276143, datacollector.dll, DataCollectionTestCaseEventHandler: Test case starting.
TpTrace Information: 0 : 30572, 6, 2024/02/04, 21:37:26.511, 888751287950, datacollector.dll, BlameCollector.EventsTestCaseStart: Test Case Start
TpTrace Verbose: 0 : 30572, 6, 2024/02/04, 21:37:26.511, 888751288578, datacollector.dll, MulticastDelegateUtilities.SafeInvoke: DataCollectionEvents.TestCaseStart: Invoking callback 1/1 for Microsoft.TestPlatform.Extensions.BlameDataCollector.BlameCollector., took 0 ms.
TpTrace Information: 0 : 30572, 6, 2024/02/04, 21:37:26.511, 888751295913, datacollector.dll, DataCollectionTestCaseEventHandler: Test case 'TestMethod4 - 82c39dc8-ca10-6eb2-26f1-25059b6f2cf0' started.
TpTrace Information: 0 : 30572, 6, 2024/02/04, 21:37:26.512, 888751302042, datacollector.dll, DataCollectionTestCaseEventHandler: Test case completing.
TpTrace Information: 0 : 30572, 6, 2024/02/04, 21:37:26.514, 888751318173, datacollector.dll, BlameCollector.EventsTestCaseEnd: Test Case End
TpTrace Verbose: 0 : 30572, 6, 2024/02/04, 21:37:26.514, 888751319038, datacollector.dll, MulticastDelegateUtilities.SafeInvoke: DataCollectionEvents.TestCaseEnd: Invoking callback 1/1 for Microsoft.TestPlatform.Extensions.BlameDataCollector.BlameCollector., took 0 ms.
TpTrace Information: 0 : 30572, 6, 2024/02/04, 21:37:26.514, 888751321304, datacollector.dll, DataCollectionTestCaseEventHandler: Test case 'TestMethod4 - 82c39dc8-ca10-6eb2-26f1-25059b6f2cf0' completed
TpTrace Information: 0 : 30572, 6, 2024/02/04, 21:37:26.515, 888751333096, datacollector.dll, DataCollectionTestCaseEventHandler: Test case starting.
TpTrace Information: 0 : 30572, 6, 2024/02/04, 21:37:26.516, 888751346337, datacollector.dll, BlameCollector.EventsTestCaseStart: Test Case Start
TpTrace Verbose: 0 : 30572, 6, 2024/02/04, 21:37:26.516, 888751347014, datacollector.dll, MulticastDelegateUtilities.SafeInvoke: DataCollectionEvents.TestCaseStart: Invoking callback 1/1 for Microsoft.TestPlatform.Extensions.BlameDataCollector.BlameCollector., took 0 ms.
TpTrace Information: 0 : 30572, 6, 2024/02/04, 21:37:26.517, 888751348038, datacollector.dll, DataCollectionTestCaseEventHandler: Test case 'TestMethod5 - 0b3ac014-a7e3-8155-f871-8478a9181c53' started.
TpTrace Information: 0 : 30572, 6, 2024/02/04, 21:37:26.518, 888751361040, datacollector.dll, DataCollectionTestCaseEventHandler: Test case completing.
TpTrace Information: 0 : 30572, 6, 2024/02/04, 21:37:26.519, 888751370156, datacollector.dll, BlameCollector.EventsTestCaseEnd: Test Case End
TpTrace Verbose: 0 : 30572, 6, 2024/02/04, 21:37:26.519, 888751370773, datacollector.dll, MulticastDelegateUtilities.SafeInvoke: DataCollectionEvents.TestCaseEnd: Invoking callback 1/1 for Microsoft.TestPlatform.Extensions.BlameDataCollector.BlameCollector., took 0 ms.
TpTrace Information: 0 : 30572, 6, 2024/02/04, 21:37:26.519, 888751373190, datacollector.dll, DataCollectionTestCaseEventHandler: Test case 'TestMethod5 - 0b3ac014-a7e3-8155-f871-8478a9181c53' completed
TpTrace Information: 0 : 30572, 6, 2024/02/04, 21:37:26.520, 888751384146, datacollector.dll, DataCollectionTestCaseEventHandler: Test case starting.
TpTrace Information: 0 : 30572, 6, 2024/02/04, 21:37:26.522, 888751397591, datacollector.dll, BlameCollector.EventsTestCaseStart: Test Case Start
TpTrace Verbose: 0 : 30572, 6, 2024/02/04, 21:37:26.522, 888751398431, datacollector.dll, MulticastDelegateUtilities.SafeInvoke: DataCollectionEvents.TestCaseStart: Invoking callback 1/1 for Microsoft.TestPlatform.Extensions.BlameDataCollector.BlameCollector., took 0 ms.
TpTrace Information: 0 : 30572, 6, 2024/02/04, 21:37:26.522, 888751399461, datacollector.dll, DataCollectionTestCaseEventHandler: Test case 'TestMethod6 - 3770c224-0ecc-0cc0-28af-591e73a6e7c7' started.
TpTrace Information: 0 : 30572, 6, 2024/02/04, 21:37:26.523, 888751410998, datacollector.dll, DataCollectionTestCaseEventHandler: Test case completing.
TpTrace Information: 0 : 30572, 6, 2024/02/04, 21:37:26.524, 888751422230, datacollector.dll, BlameCollector.EventsTestCaseEnd: Test Case End
TpTrace Verbose: 0 : 30572, 6, 2024/02/04, 21:37:26.524, 888751422855, datacollector.dll, MulticastDelegateUtilities.SafeInvoke: DataCollectionEvents.TestCaseEnd: Invoking callback 1/1 for Microsoft.TestPlatform.Extensions.BlameDataCollector.BlameCollector., took 0 ms.
TpTrace Information: 0 : 30572, 6, 2024/02/04, 21:37:26.524, 888751424284, datacollector.dll, DataCollectionTestCaseEventHandler: Test case 'TestMethod6 - 3770c224-0ecc-0cc0-28af-591e73a6e7c7' completed
TpTrace Information: 0 : 30572, 6, 2024/02/04, 21:37:26.525, 888751434300, datacollector.dll, DataCollectionTestCaseEventHandler: Test case starting.
TpTrace Information: 0 : 30572, 6, 2024/02/04, 21:37:26.527, 888751450005, datacollector.dll, BlameCollector.EventsTestCaseStart: Test Case Start
TpTrace Verbose: 0 : 30572, 6, 2024/02/04, 21:37:26.527, 888751451041, datacollector.dll, MulticastDelegateUtilities.SafeInvoke: DataCollectionEvents.TestCaseStart: Invoking callback 1/1 for Microsoft.TestPlatform.Extensions.BlameDataCollector.BlameCollector., took 0 ms.
TpTrace Information: 0 : 30572, 6, 2024/02/04, 21:37:26.527, 888751452293, datacollector.dll, DataCollectionTestCaseEventHandler: Test case 'TestMethod7 - 705f4fb6-8011-b7ca-bf3b-1c2186b4e8d8' started.
TpTrace Information: 0 : 30572, 6, 2024/02/04, 21:37:26.531, 888751488002, datacollector.dll, DataCollectionTestCaseEventHandler: Test case completing.
TpTrace Information: 0 : 30572, 6, 2024/02/04, 21:37:26.533, 888751516838, datacollector.dll, BlameCollector.EventsTestCaseEnd: Test Case End
TpTrace Verbose: 0 : 30572, 6, 2024/02/04, 21:37:26.534, 888751518071, datacollector.dll, MulticastDelegateUtilities.SafeInvoke: DataCollectionEvents.TestCaseEnd: Invoking callback 1/1 for Microsoft.TestPlatform.Extensions.BlameDataCollector.BlameCollector., took 0 ms.
TpTrace Information: 0 : 30572, 6, 2024/02/04, 21:37:26.534, 888751520216, datacollector.dll, DataCollectionTestCaseEventHandler: Test case 'TestMethod7 - 705f4fb6-8011-b7ca-bf3b-1c2186b4e8d8' completed
TpTrace Information: 0 : 30572, 6, 2024/02/04, 21:37:26.569, 888751874924, datacollector.dll, DataCollectionTestCaseEventHandler: Test case starting.
TpTrace Information: 0 : 30572, 6, 2024/02/04, 21:37:26.571, 888751889606, datacollector.dll, BlameCollector.EventsTestCaseStart: Test Case Start
TpTrace Verbose: 0 : 30572, 6, 2024/02/04, 21:37:26.571, 888751890347, datacollector.dll, MulticastDelegateUtilities.SafeInvoke: DataCollectionEvents.TestCaseStart: Invoking callback 1/1 for Microsoft.TestPlatform.Extensions.BlameDataCollector.BlameCollector., took 0 ms.
TpTrace Information: 0 : 30572, 6, 2024/02/04, 21:37:26.571, 888751891364, datacollector.dll, DataCollectionTestCaseEventHandler: Test case 'TestMethod8 - f47bc6fa-96e9-4db4-3f12-3c3559c0b598' started.
TpTrace Information: 0 : 30572, 6, 2024/02/04, 21:37:26.572, 888751901126, datacollector.dll, DataCollectionTestCaseEventHandler: Test case completing.
TpTrace Information: 0 : 30572, 6, 2024/02/04, 21:37:26.573, 888751914058, datacollector.dll, BlameCollector.EventsTestCaseEnd: Test Case End
TpTrace Verbose: 0 : 30572, 6, 2024/02/04, 21:37:26.573, 888751914989, datacollector.dll, MulticastDelegateUtilities.SafeInvoke: DataCollectionEvents.TestCaseEnd: Invoking callback 1/1 for Microsoft.TestPlatform.Extensions.BlameDataCollector.BlameCollector., took 0 ms.
TpTrace Information: 0 : 30572, 6, 2024/02/04, 21:37:26.573, 888751916483, datacollector.dll, DataCollectionTestCaseEventHandler: Test case 'TestMethod8 - f47bc6fa-96e9-4db4-3f12-3c3559c0b598' completed
TpTrace Information: 0 : 30572, 6, 2024/02/04, 21:37:26.574, 888751924033, datacollector.dll, DataCollectionTestCaseEventHandler: Test case starting.
TpTrace Information: 0 : 30572, 6, 2024/02/04, 21:37:26.575, 888751930606, datacollector.dll, BlameCollector.EventsTestCaseStart: Test Case Start
TpTrace Verbose: 0 : 30572, 6, 2024/02/04, 21:37:26.575, 888751931165, datacollector.dll, MulticastDelegateUtilities.SafeInvoke: DataCollectionEvents.TestCaseStart: Invoking callback 1/1 for Microsoft.TestPlatform.Extensions.BlameDataCollector.BlameCollector., took 0 ms.
TpTrace Information: 0 : 30572, 6, 2024/02/04, 21:37:26.575, 888751931939, datacollector.dll, DataCollectionTestCaseEventHandler: Test case 'TestMethod9 - 8a948a8a-09fc-37c3-b276-fa254fa3905d' started.
TpTrace Information: 0 : 30572, 6, 2024/02/04, 21:37:26.576, 888751946365, datacollector.dll, DataCollectionTestCaseEventHandler: Test case completing.
TpTrace Information: 0 : 30572, 6, 2024/02/04, 21:37:26.577, 888751956774, datacollector.dll, BlameCollector.EventsTestCaseEnd: Test Case End
TpTrace Verbose: 0 : 30572, 6, 2024/02/04, 21:37:26.578, 888751957358, datacollector.dll, MulticastDelegateUtilities.SafeInvoke: DataCollectionEvents.TestCaseEnd: Invoking callback 1/1 for Microsoft.TestPlatform.Extensions.BlameDataCollector.BlameCollector., took 0 ms.
TpTrace Information: 0 : 30572, 6, 2024/02/04, 21:37:26.578, 888751958595, datacollector.dll, DataCollectionTestCaseEventHandler: Test case 'TestMethod9 - 8a948a8a-09fc-37c3-b276-fa254fa3905d' completed
TpTrace Information: 0 : 30572, 6, 2024/02/04, 21:37:26.578, 888751966641, datacollector.dll, DataCollectionTestCaseEventHandler: Test case starting.
TpTrace Information: 0 : 30572, 6, 2024/02/04, 21:37:26.579, 888751974168, datacollector.dll, BlameCollector.EventsTestCaseStart: Test Case Start
TpTrace Verbose: 0 : 30572, 6, 2024/02/04, 21:37:26.579, 888751974862, datacollector.dll, MulticastDelegateUtilities.SafeInvoke: DataCollectionEvents.TestCaseStart: Invoking callback 1/1 for Microsoft.TestPlatform.Extensions.BlameDataCollector.BlameCollector., took 0 ms.
TpTrace Information: 0 : 30572, 6, 2024/02/04, 21:37:26.579, 888751975832, datacollector.dll, DataCollectionTestCaseEventHandler: Test case 'TestMethod10 - a1e9c6ae-acde-1809-6b41-997828e846ca' started.
TpTrace Information: 0 : 30572, 6, 2024/02/04, 21:37:26.581, 888751987964, datacollector.dll, DataCollectionTestCaseEventHandler: Test case completing.
TpTrace Information: 0 : 30572, 6, 2024/02/04, 21:37:26.587, 888752056896, datacollector.dll, BlameCollector.EventsTestCaseEnd: Test Case End
TpTrace Verbose: 0 : 30572, 6, 2024/02/04, 21:37:26.588, 888752059746, datacollector.dll, MulticastDelegateUtilities.SafeInvoke: DataCollectionEvents.TestCaseEnd: Invoking callback 1/1 for Microsoft.TestPlatform.Extensions.BlameDataCollector.BlameCollector., took 0 ms.
TpTrace Information: 0 : 30572, 6, 2024/02/04, 21:37:26.588, 888752062316, datacollector.dll, DataCollectionTestCaseEventHandler: Test case 'TestMethod10 - a1e9c6ae-acde-1809-6b41-997828e846ca' completed
TpTrace Information: 0 : 30572, 6, 2024/02/04, 21:37:26.589, 888752068763, datacollector.dll, DataCollectionTestCaseEventHandler: Test case starting.
TpTrace Information: 0 : 30572, 6, 2024/02/04, 21:37:26.589, 888752075823, datacollector.dll, BlameCollector.EventsTestCaseStart: Test Case Start
TpTrace Verbose: 0 : 30572, 6, 2024/02/04, 21:37:26.589, 888752076695, datacollector.dll, MulticastDelegateUtilities.SafeInvoke: DataCollectionEvents.TestCaseStart: Invoking callback 1/1 for Microsoft.TestPlatform.Extensions.BlameDataCollector.BlameCollector., took 0 ms.
TpTrace Information: 0 : 30572, 6, 2024/02/04, 21:37:26.590, 888752077906, datacollector.dll, DataCollectionTestCaseEventHandler: Test case 'TestMethod11 - 5d709245-c41d-0639-5174-23f7201d3ac9' started.
TpTrace Information: 0 : 30572, 6, 2024/02/04, 21:37:26.591, 888752087276, datacollector.dll, DataCollectionTestCaseEventHandler: Test case completing.
TpTrace Information: 0 : 30572, 6, 2024/02/04, 21:37:26.591, 888752095791, datacollector.dll, BlameCollector.EventsTestCaseEnd: Test Case End
TpTrace Verbose: 0 : 30572, 6, 2024/02/04, 21:37:26.591, 888752096698, datacollector.dll, MulticastDelegateUtilities.SafeInvoke: DataCollectionEvents.TestCaseEnd: Invoking callback 1/1 for Microsoft.TestPlatform.Extensions.BlameDataCollector.BlameCollector., took 0 ms.
TpTrace Information: 0 : 30572, 6, 2024/02/04, 21:37:26.592, 888752098249, datacollector.dll, DataCollectionTestCaseEventHandler: Test case 'TestMethod11 - 5d709245-c41d-0639-5174-23f7201d3ac9' completed
TpTrace Information: 0 : 30572, 6, 2024/02/04, 21:37:26.592, 888752104618, datacollector.dll, DataCollectionTestCaseEventHandler: Test case starting.
TpTrace Information: 0 : 30572, 6, 2024/02/04, 21:37:26.593, 888752112365, datacollector.dll, BlameCollector.EventsTestCaseStart: Test Case Start
TpTrace Verbose: 0 : 30572, 6, 2024/02/04, 21:37:26.593, 888752113264, datacollector.dll, MulticastDelegateUtilities.SafeInvoke: DataCollectionEvents.TestCaseStart: Invoking callback 1/1 for Microsoft.TestPlatform.Extensions.BlameDataCollector.BlameCollector., took 0 ms.
TpTrace Information: 0 : 30572, 6, 2024/02/04, 21:37:26.593, 888752114382, datacollector.dll, DataCollectionTestCaseEventHandler: Test case 'TestMethod12 - b9430e72-3e2c-b6d2-1b85-8326cbc760df' started.
TpTrace Information: 0 : 30572, 6, 2024/02/04, 21:37:26.594, 888752125122, datacollector.dll, DataCollectionTestCaseEventHandler: Test case completing.
TpTrace Information: 0 : 30572, 6, 2024/02/04, 21:37:26.595, 888752133031, datacollector.dll, BlameCollector.EventsTestCaseEnd: Test Case End
TpTrace Verbose: 0 : 30572, 6, 2024/02/04, 21:37:26.595, 888752133802, datacollector.dll, MulticastDelegateUtilities.SafeInvoke: DataCollectionEvents.TestCaseEnd: Invoking callback 1/1 for Microsoft.TestPlatform.Extensions.BlameDataCollector.BlameCollector., took 0 ms.
TpTrace Information: 0 : 30572, 6, 2024/02/04, 21:37:26.595, 888752134912, datacollector.dll, DataCollectionTestCaseEventHandler: Test case 'TestMethod12 - b9430e72-3e2c-b6d2-1b85-8326cbc760df' completed
TpTrace Information: 0 : 30572, 6, 2024/02/04, 21:37:26.596, 888752141252, datacollector.dll, DataCollectionTestCaseEventHandler: Test case starting.
TpTrace Information: 0 : 30572, 6, 2024/02/04, 21:37:26.597, 888752149377, datacollector.dll, BlameCollector.EventsTestCaseStart: Test Case Start
TpTrace Verbose: 0 : 30572, 6, 2024/02/04, 21:37:26.597, 888752150179, datacollector.dll, MulticastDelegateUtilities.SafeInvoke: DataCollectionEvents.TestCaseStart: Invoking callback 1/1 for Microsoft.TestPlatform.Extensions.BlameDataCollector.BlameCollector., took 0 ms.
TpTrace Information: 0 : 30572, 6, 2024/02/04, 21:37:26.597, 888752151528, datacollector.dll, DataCollectionTestCaseEventHandler: Test case 'TestMethod13 - 48bedd61-aa04-a3d6-415b-87959bd7d271' started.
TpTrace Information: 0 : 30572, 6, 2024/02/04, 21:37:26.598, 888752163889, datacollector.dll, DataCollectionTestCaseEventHandler: Test case completing.
TpTrace Information: 0 : 30572, 6, 2024/02/04, 21:37:26.599, 888752174832, datacollector.dll, BlameCollector.EventsTestCaseEnd: Test Case End
TpTrace Verbose: 0 : 30572, 6, 2024/02/04, 21:37:26.599, 888752175644, datacollector.dll, MulticastDelegateUtilities.SafeInvoke: DataCollectionEvents.TestCaseEnd: Invoking callback 1/1 for Microsoft.TestPlatform.Extensions.BlameDataCollector.BlameCollector., took 0 ms.
TpTrace Information: 0 : 30572, 6, 2024/02/04, 21:37:26.600, 888752177099, datacollector.dll, DataCollectionTestCaseEventHandler: Test case 'TestMethod13 - 48bedd61-aa04-a3d6-415b-87959bd7d271' completed
TpTrace Information: 0 : 30572, 6, 2024/02/04, 21:37:26.600, 888752183078, datacollector.dll, DataCollectionTestCaseEventHandler: Test case starting.
TpTrace Information: 0 : 30572, 6, 2024/02/04, 21:37:26.601, 888752188354, datacollector.dll, BlameCollector.EventsTestCaseStart: Test Case Start
TpTrace Verbose: 0 : 30572, 6, 2024/02/04, 21:37:26.601, 888752189052, datacollector.dll, MulticastDelegateUtilities.SafeInvoke: DataCollectionEvents.TestCaseStart: Invoking callback 1/1 for Microsoft.TestPlatform.Extensions.BlameDataCollector.BlameCollector., took 0 ms.
TpTrace Information: 0 : 30572, 6, 2024/02/04, 21:37:26.601, 888752189979, datacollector.dll, DataCollectionTestCaseEventHandler: Test case 'TestMethod14 - 302021b3-8d10-a083-872e-52f66e71fb84' started.
TpTrace Information: 0 : 30572, 6, 2024/02/04, 21:37:26.604, 888752220148, datacollector.dll, DataCollectionTestCaseEventHandler: Test case completing.
TpTrace Information: 0 : 30572, 6, 2024/02/04, 21:37:26.605, 888752230970, datacollector.dll, BlameCollector.EventsTestCaseEnd: Test Case End
TpTrace Verbose: 0 : 30572, 6, 2024/02/04, 21:37:26.605, 888752232238, datacollector.dll, MulticastDelegateUtilities.SafeInvoke: DataCollectionEvents.TestCaseEnd: Invoking callback 1/1 for Microsoft.TestPlatform.Extensions.BlameDataCollector.BlameCollector., took 0 ms.
TpTrace Information: 0 : 30572, 6, 2024/02/04, 21:37:26.605, 888752234138, datacollector.dll, DataCollectionTestCaseEventHandler: Test case 'TestMethod14 - 302021b3-8d10-a083-872e-52f66e71fb84' completed
TpTrace Information: 0 : 30572, 6, 2024/02/04, 21:37:26.606, 888752242454, datacollector.dll, DataCollectionTestCaseEventHandler: Test case starting.
TpTrace Information: 0 : 30572, 6, 2024/02/04, 21:37:26.607, 888752248379, datacollector.dll, BlameCollector.EventsTestCaseStart: Test Case Start
TpTrace Verbose: 0 : 30572, 6, 2024/02/04, 21:37:26.607, 888752249209, datacollector.dll, MulticastDelegateUtilities.SafeInvoke: DataCollectionEvents.TestCaseStart: Invoking callback 1/1 for Microsoft.TestPlatform.Extensions.BlameDataCollector.BlameCollector., took 0 ms.
TpTrace Information: 0 : 30572, 6, 2024/02/04, 21:37:26.607, 888752250284, datacollector.dll, DataCollectionTestCaseEventHandler: Test case 'TestMethod15 - b20e7810-9286-6bcc-0041-a2769268d35a' started.
TpTrace Information: 0 : 30572, 6, 2024/02/04, 21:37:26.608, 888752263075, datacollector.dll, DataCollectionTestCaseEventHandler: Test case completing.
TpTrace Information: 0 : 30572, 6, 2024/02/04, 21:37:26.609, 888752269715, datacollector.dll, BlameCollector.EventsTestCaseEnd: Test Case End
TpTrace Verbose: 0 : 30572, 6, 2024/02/04, 21:37:26.609, 888752270210, datacollector.dll, MulticastDelegateUtilities.SafeInvoke: DataCollectionEvents.TestCaseEnd: Invoking callback 1/1 for Microsoft.TestPlatform.Extensions.BlameDataCollector.BlameCollector., took 0 ms.
TpTrace Information: 0 : 30572, 6, 2024/02/04, 21:37:26.609, 888752271298, datacollector.dll, DataCollectionTestCaseEventHandler: Test case 'TestMethod15 - b20e7810-9286-6bcc-0041-a2769268d35a' completed
TpTrace Information: 0 : 30572, 6, 2024/02/04, 21:37:26.610, 888752277629, datacollector.dll, DataCollectionTestCaseEventHandler: Test case starting.
TpTrace Information: 0 : 30572, 6, 2024/02/04, 21:37:26.610, 888752283053, datacollector.dll, BlameCollector.EventsTestCaseStart: Test Case Start
TpTrace Verbose: 0 : 30572, 6, 2024/02/04, 21:37:26.610, 888752283525, datacollector.dll, MulticastDelegateUtilities.SafeInvoke: DataCollectionEvents.TestCaseStart: Invoking callback 1/1 for Microsoft.TestPlatform.Extensions.BlameDataCollector.BlameCollector., took 0 ms.
TpTrace Information: 0 : 30572, 6, 2024/02/04, 21:37:26.610, 888752284391, datacollector.dll, DataCollectionTestCaseEventHandler: Test case 'TestMethod16 - 2af54983-7d4d-7b0d-9f50-e1ab67af2503' started.
TpTrace Information: 0 : 30572, 6, 2024/02/04, 21:37:26.611, 888752297016, datacollector.dll, DataCollectionTestCaseEventHandler: Test case completing.
TpTrace Information: 0 : 30572, 6, 2024/02/04, 21:37:26.612, 888752304876, datacollector.dll, BlameCollector.EventsTestCaseEnd: Test Case End
TpTrace Verbose: 0 : 30572, 6, 2024/02/04, 21:37:26.612, 888752305733, datacollector.dll, MulticastDelegateUtilities.SafeInvoke: DataCollectionEvents.TestCaseEnd: Invoking callback 1/1 for Microsoft.TestPlatform.Extensions.BlameDataCollector.BlameCollector., took 0 ms.
TpTrace Information: 0 : 30572, 6, 2024/02/04, 21:37:26.613, 888752307239, datacollector.dll, DataCollectionTestCaseEventHandler: Test case 'TestMethod16 - 2af54983-7d4d-7b0d-9f50-e1ab67af2503' completed
TpTrace Information: 0 : 30572, 6, 2024/02/04, 21:37:26.615, 888752335524, datacollector.dll, DataCollectionTestCaseEventHandler: Test case starting.
TpTrace Information: 0 : 30572, 6, 2024/02/04, 21:37:26.616, 888752342984, datacollector.dll, BlameCollector.EventsTestCaseStart: Test Case Start
TpTrace Verbose: 0 : 30572, 6, 2024/02/04, 21:37:26.616, 888752343884, datacollector.dll, MulticastDelegateUtilities.SafeInvoke: DataCollectionEvents.TestCaseStart: Invoking callback 1/1 for Microsoft.TestPlatform.Extensions.BlameDataCollector.BlameCollector., took 0 ms.
TpTrace Information: 0 : 30572, 6, 2024/02/04, 21:37:26.616, 888752345016, datacollector.dll, DataCollectionTestCaseEventHandler: Test case 'TestMethod17 - 8fb7fc0c-5220-b152-a60a-a523bef06e24' started.
TpTrace Information: 0 : 30572, 6, 2024/02/04, 21:37:26.618, 888752361310, datacollector.dll, DataCollectionTestCaseEventHandler: Test case completing.
TpTrace Information: 0 : 30572, 6, 2024/02/04, 21:37:26.619, 888752369332, datacollector.dll, BlameCollector.EventsTestCaseEnd: Test Case End
TpTrace Verbose: 0 : 30572, 6, 2024/02/04, 21:37:26.619, 888752370248, datacollector.dll, MulticastDelegateUtilities.SafeInvoke: DataCollectionEvents.TestCaseEnd: Invoking callback 1/1 for Microsoft.TestPlatform.Extensions.BlameDataCollector.BlameCollector., took 0 ms.
TpTrace Information: 0 : 30572, 6, 2024/02/04, 21:37:26.619, 888752371593, datacollector.dll, DataCollectionTestCaseEventHandler: Test case 'TestMethod17 - 8fb7fc0c-5220-b152-a60a-a523bef06e24' completed
TpTrace Information: 0 : 30572, 6, 2024/02/04, 21:37:26.620, 888752378069, datacollector.dll, DataCollectionTestCaseEventHandler: Test case starting.
TpTrace Information: 0 : 30572, 6, 2024/02/04, 21:37:26.620, 888752383030, datacollector.dll, BlameCollector.EventsTestCaseStart: Test Case Start
TpTrace Verbose: 0 : 30572, 6, 2024/02/04, 21:37:26.620, 888752383389, datacollector.dll, MulticastDelegateUtilities.SafeInvoke: DataCollectionEvents.TestCaseStart: Invoking callback 1/1 for Microsoft.TestPlatform.Extensions.BlameDataCollector.BlameCollector., took 0 ms.
TpTrace Information: 0 : 30572, 6, 2024/02/04, 21:37:26.620, 888752384123, datacollector.dll, DataCollectionTestCaseEventHandler: Test case 'TestMethod18 - 55dcef96-f218-5019-e3c1-1c93421c1b23' started.
TpTrace Information: 0 : 30572, 6, 2024/02/04, 21:37:26.621, 888752394956, datacollector.dll, DataCollectionTestCaseEventHandler: Test case completing.
TpTrace Information: 0 : 30572, 6, 2024/02/04, 21:37:26.622, 888752401255, datacollector.dll, BlameCollector.EventsTestCaseEnd: Test Case End
TpTrace Verbose: 0 : 30572, 6, 2024/02/04, 21:37:26.622, 888752401749, datacollector.dll, MulticastDelegateUtilities.SafeInvoke: DataCollectionEvents.TestCaseEnd: Invoking callback 1/1 for Microsoft.TestPlatform.Extensions.BlameDataCollector.BlameCollector., took 0 ms.
TpTrace Information: 0 : 30572, 6, 2024/02/04, 21:37:26.622, 888752403123, datacollector.dll, DataCollectionTestCaseEventHandler: Test case 'TestMethod18 - 55dcef96-f218-5019-e3c1-1c93421c1b23' completed
TpTrace Information: 0 : 30572, 6, 2024/02/04, 21:37:26.623, 888752409484, datacollector.dll, DataCollectionTestCaseEventHandler: Test case starting.
TpTrace Information: 0 : 30572, 6, 2024/02/04, 21:37:26.623, 888752415238, datacollector.dll, BlameCollector.EventsTestCaseStart: Test Case Start
TpTrace Verbose: 0 : 30572, 6, 2024/02/04, 21:37:26.623, 888752415871, datacollector.dll, MulticastDelegateUtilities.SafeInvoke: DataCollectionEvents.TestCaseStart: Invoking callback 1/1 for Microsoft.TestPlatform.Extensions.BlameDataCollector.BlameCollector., took 0 ms.
TpTrace Information: 0 : 30572, 6, 2024/02/04, 21:37:26.623, 888752416721, datacollector.dll, DataCollectionTestCaseEventHandler: Test case 'TestMethod19 - 009517e0-45c4-756c-72c0-a7b0e9da3362' started.
TpTrace Information: 0 : 30572, 6, 2024/02/04, 21:37:26.625, 888752436961, datacollector.dll, DataCollectionTestCaseEventHandler: Test case completing.
TpTrace Information: 0 : 30572, 6, 2024/02/04, 21:37:26.626, 888752442602, datacollector.dll, BlameCollector.EventsTestCaseEnd: Test Case End
TpTrace Verbose: 0 : 30572, 6, 2024/02/04, 21:37:26.626, 888752443135, datacollector.dll, MulticastDelegateUtilities.SafeInvoke: DataCollectionEvents.TestCaseEnd: Invoking callback 1/1 for Microsoft.TestPlatform.Extensions.BlameDataCollector.BlameCollector., took 0 ms.
TpTrace Information: 0 : 30572, 6, 2024/02/04, 21:37:26.626, 888752444291, datacollector.dll, DataCollectionTestCaseEventHandler: Test case 'TestMethod19 - 009517e0-45c4-756c-72c0-a7b0e9da3362' completed
TpTrace Information: 0 : 30572, 6, 2024/02/04, 21:37:26.629, 888752475328, datacollector.dll, DataCollectionTestCaseEventHandler: Test session ended
TpTrace Information: 0 : 30572, 1, 2024/02/04, 21:37:26.654, 888752724505, datacollector.dll, DataCollectionRequestHandler.ProcessRequests: Datacollector received message: (DataCollection.AfterTestRunEnd) -> {"MessageType":"DataCollection.AfterTestRunEnd","Payload":false}
TpTrace Information: 0 : 30572, 1, 2024/02/04, 21:37:26.655, 888752730956, datacollector.dll, Blame Collector: Session End
TpTrace Information: 0 : 30572, 1, 2024/02/04, 21:37:26.655, 888752731466, datacollector.dll, BlameCollector.CollectDumpAndAbortTesthost: Custom path to dump directory was provided via VSTEST_DUMP_PATH. Skipping attachment upload, the caller is responsible for collecting and uploading the dumps themselves.
TpTrace Verbose: 0 : 30572, 1, 2024/02/04, 21:37:26.655, 888752731927, datacollector.dll, MulticastDelegateUtilities.SafeInvoke: DataCollectionEvents.SessionEnd: Invoking callback 1/1 for Microsoft.TestPlatform.Extensions.BlameDataCollector.BlameCollector., took 0 ms.
TpTrace Information: 0 : 30572, 1, 2024/02/04, 21:37:26.655, 888752735892, datacollector.dll, DataCollectionManager.CleanupPlugins: CleanupPlugins called
TpTrace Verbose: 0 : 30572, 1, 2024/02/04, 21:37:26.655, 888752736297, datacollector.dll, DataCollectionManager.CleanupPlugins: Cleaning up 1 plugins
TpTrace Verbose: 0 : 30572, 1, 2024/02/04, 21:37:26.655, 888752736898, datacollector.dll, dataCollectorInfo.DisposeDataCollector: calling Dispose() on Microsoft.TestPlatform.Extensions.BlameDataCollector.BlameCollector
TpTrace Information: 0 : 30572, 1, 2024/02/04, 21:37:26.656, 888752737292, datacollector.dll, DataCollectionManager.CleanupPlugins: CleanupPlugins finished
TpTrace Information: 0 : 30572, 1, 2024/02/04, 21:37:26.658, 888752761690, datacollector.dll, DataCollectionRequestHandler.ProcessRequests : Session End message received from server. Closing the connection.
TpTrace Information: 0 : 30572, 1, 2024/02/04, 21:37:26.658, 888752763287, datacollector.dll, Closing the connection !
TpTrace Information: 0 : 30572, 1, 2024/02/04, 21:37:26.658, 888752763508, datacollector.dll, DataCollectionRequestHandler.ProcessRequests : DataCollection completed
TpTrace Information: 0 : 30572, 1, 2024/02/04, 21:37:26.658, 888752763657, datacollector.dll, Program.Main: exiting datacollector process.
